<?xml version="1.0" encoding="UTF-8"?>
<testng-results skipped="0" failed="0" total="1" passed="1">
  <reporter-output>
  </reporter-output>
  <suite name="Default suite" duration-ms="45671" started-at="2019-08-23T07:40:54Z" finished-at="2019-08-23T07:41:39Z">
    <groups>
      <group name="cucumber">
        <method signature="AbstractTestNGCucumberTests.feature(cucumber.api.testng.CucumberFeatureWrapper)[pri:0, instance:runner.RunCuke@4c203ea1]" name="feature" class="cucumber.api.testng.AbstractTestNGCucumberTests"/>
      </group> <!-- cucumber -->
    </groups>
    <test name="Default test" duration-ms="45671" started-at="2019-08-23T07:40:54Z" finished-at="2019-08-23T07:41:39Z">
      <class name="runner.RunCuke">
        <test-method status="PASS" signature="setUpClass()[pri:0, instance:runner.RunCuke@4c203ea1]" name="setUpClass" is-config="true" duration-ms="306" started-at="2019-08-23T13:10:54Z" finished-at="2019-08-23T13:10:54Z">
          <reporter-output>
          </reporter-output>
        </test-method> <!-- setUpClass -->
        <test-method status="PASS" signature="setup()[pri:0, instance:runner.RunCuke@4c203ea1]" name="setup" is-config="true" duration-ms="157" started-at="2019-08-23T13:10:54Z" finished-at="2019-08-23T13:10:54Z">
          <reporter-output>
          </reporter-output>
        </test-method> <!-- setup -->
        <test-method status="PASS" signature="feature(cucumber.api.testng.CucumberFeatureWrapper)[pri:0, instance:runner.RunCuke@4c203ea1]" name="feature" duration-ms="45012" started-at="2019-08-23T13:10:54Z" description="Runs Cucumber Feature" data-provider="features" finished-at="2019-08-23T13:11:39Z">
          <params>
            <param index="0">
              <value>
                <![CDATA[Acceptence testing to validate Search Cars page is working fine.]]>
              </value>
            </param>
          </params>
          <reporter-output>
          </reporter-output>
        </test-method> <!-- feature -->
        <test-method status="PASS" signature="tearDownClass()[pri:0, instance:runner.RunCuke@4c203ea1]" name="tearDownClass" is-config="true" duration-ms="96" started-at="2019-08-23T13:11:39Z" finished-at="2019-08-23T13:11:39Z">
          <reporter-output>
          </reporter-output>
        </test-method> <!-- tearDownClass -->
      </class> <!-- runner.RunCuke -->
    </test> <!-- Default test -->
  </suite> <!-- Default suite -->
</testng-results>
